# JRE version: OpenJDK Runtime Environment (8.0_76-b03) (build 1.8.0_76-release-b03)
# Java VM: OpenJDK 64-Bit Server VM (25.76-b03 mixed mode windows-amd64 compressed oops)
Heap:
 PSYoungGen      total 642048K, used 164400K [0x00000000d5580000, 0x00000000ffe80000, 0x0000000100000000)
  eden space 586752K, 28% used [0x00000000d5580000,0x00000000df60c1c8,0x00000000f9280000)
  from space 55296K, 0% used [0x00000000f9280000,0x00000000f9280000,0x00000000fc880000)
  to   space 55296K, 0% used [0x00000000fc880000,0x00000000fc880000,0x00000000ffe80000)
 ParOldGen       total 91648K, used 69339K [0x0000000080000000, 0x0000000085980000, 0x00000000d5580000)
  object space 91648K, 75% used [0x0000000080000000,0x00000000843b6d10,0x0000000085980000)
 Metaspace       used 81416K, capacity 87876K, committed 87936K, reserved 1126400K
  class space    used 10332K, capacity 11362K, committed 11392K, reserved 1048576K
GC Heap History (10 events):
Event: 13334.868 GC heap before
{Heap before GC invocations=66 (full 16):
 PSYoungGen      total 604160K, used 603935K [0x00000000d5580000, 0x00000000ff900000, 0x0000000100000000)
  eden space 594432K, 99% used [0x00000000d5580000,0x00000000f99cbd98,0x00000000f9a00000)
  from space 9728K, 99% used [0x00000000f9a00000,0x00000000fa37c010,0x00000000fa380000)
  to   space 48640K, 0% used [0x00000000fc980000,0x00000000fc980000,0x00000000ff900000)
 ParOldGen       total 91648K, used 70289K [0x0000000080000000, 0x0000000085980000, 0x00000000d5580000)
  object space 91648K, 76% used [0x0000000080000000,0x00000000844a46b8,0x0000000085980000)
 Metaspace       used 81110K, capacity 87444K, committed 87680K, reserved 1126400K
  class space    used 10279K, capacity 11306K, committed 11392K, reserved 1048576K
Event: 13334.902 GC heap after
Heap after GC invocations=66 (full 16):
 PSYoungGen      total 633856K, used 46903K [0x00000000d5580000, 0x0000000100000000, 0x0000000100000000)
  eden space 585216K, 0% used [0x00000000d5580000,0x00000000d5580000,0x00000000f9100000)
  from space 48640K, 96% used [0x00000000fc980000,0x00000000ff74dd38,0x00000000ff900000)
  to   space 56832K, 0% used [0x00000000f9100000,0x00000000f9100000,0x00000000fc880000)
 ParOldGen       total 91648K, used 70297K [0x0000000080000000, 0x0000000085980000, 0x00000000d5580000)
  object space 91648K, 76% used [0x0000000080000000,0x00000000844a66b8,0x0000000085980000)
 Metaspace       used 81110K, capacity 87444K, committed 87680K, reserved 1126400K
  class space    used 10279K, capacity 11306K, committed 11392K, reserved 1048576K
}
Event: 13335.165 GC heap before
{Heap before GC invocations=67 (full 16):
 PSYoungGen      total 633856K, used 631593K [0x00000000d5580000, 0x0000000100000000, 0x0000000100000000)
  eden space 585216K, 99% used [0x00000000d5580000,0x00000000f907cab8,0x00000000f9100000)
  from space 48640K, 96% used [0x00000000fc980000,0x00000000ff74dd38,0x00000000ff900000)
  to   space 56832K, 0% used [0x00000000f9100000,0x00000000f9100000,0x00000000fc880000)
 ParOldGen       total 91648K, used 70297K [0x0000000080000000, 0x0000000085980000, 0x00000000d5580000)
  object space 91648K, 76% used [0x0000000080000000,0x00000000844a66b8,0x0000000085980000)
 Metaspace       used 81110K, capacity 87444K, committed 87680K, reserved 1126400K
  class space    used 10279K, capacity 11306K, committed 11392K, reserved 1048576K
Event: 13335.202 GC heap after
Heap after GC invocations=67 (full 16):
 PSYoungGen      total 642048K, used 25014K [0x00000000d5580000, 0x0000000100000000, 0x0000000100000000)
  eden space 585216K, 0% used [0x00000000d5580000,0x00000000d5580000,0x00000000f9100000)
  from space 56832K, 44% used [0x00000000f9100000,0x00000000fa96dae8,0x00000000fc880000)
  to   space 55296K, 0% used [0x00000000fca00000,0x00000000fca00000,0x0000000100000000)
 ParOldGen       total 91648K, used 75850K [0x0000000080000000, 0x0000000085980000, 0x00000000d5580000)
  object space 91648K, 82% used [0x0000000080000000,0x0000000084a128c0,0x0000000085980000)
 Metaspace       used 81110K, capacity 87444K, committed 87680K, reserved 1126400K
  class space    used 10279K, capacity 11306K, committed 11392K, reserved 1048576K
}
Event: 13566.311 GC heap before
{Heap before GC invocations=68 (full 16):
 PSYoungGen      total 642048K, used 610230K [0x00000000d5580000, 0x0000000100000000, 0x0000000100000000)
  eden space 585216K, 100% used [0x00000000d5580000,0x00000000f9100000,0x00000000f9100000)
  from space 56832K, 44% used [0x00000000f9100000,0x00000000fa96dae8,0x00000000fc880000)
  to   space 55296K, 0% used [0x00000000fca00000,0x00000000fca00000,0x0000000100000000)
 ParOldGen       total 91648K, used 75850K [0x0000000080000000, 0x0000000085980000, 0x00000000d5580000)
  object space 91648K, 82% used [0x0000000080000000,0x0000000084a128c0,0x0000000085980000)
 Metaspace       used 81360K, capacity 87780K, committed 87936K, reserved 1126400K
  class space    used 10322K, capacity 11354K, committed 11392K, reserved 1048576K
Event: 13566.348 GC heap after
Heap after GC invocations=68 (full 16):
 PSYoungGen      total 640512K, used 29645K [0x00000000d5580000, 0x00000000ffe80000, 0x0000000100000000)
  eden space 586752K, 0% used [0x00000000d5580000,0x00000000d5580000,0x00000000f9280000)
  from space 53760K, 55% used [0x00000000fca00000,0x00000000fe6f3598,0x00000000ffe80000)
  to   space 55296K, 0% used [0x00000000f9280000,0x00000000f9280000,0x00000000fc880000)
 ParOldGen       total 91648K, used 76778K [0x0000000080000000, 0x0000000085980000, 0x00000000d5580000)
  object space 91648K, 83% used [0x0000000080000000,0x0000000084afa8d0,0x0000000085980000)
 Metaspace       used 81360K, capacity 87780K, committed 87936K, reserved 1126400K
  class space    used 10322K, capacity 11354K, committed 11392K, reserved 1048576K
}
Event: 13566.774 GC heap before
{Heap before GC invocations=69 (full 16):
 PSYoungGen      total 640512K, used 223328K [0x00000000d5580000, 0x00000000ffe80000, 0x0000000100000000)
  eden space 586752K, 33% used [0x00000000d5580000,0x00000000e12a4d98,0x00000000f9280000)
  from space 53760K, 55% used [0x00000000fca00000,0x00000000fe6f3598,0x00000000ffe80000)
  to   space 55296K, 0% used [0x00000000f9280000,0x00000000f9280000,0x00000000fc880000)
 ParOldGen       total 91648K, used 76778K [0x0000000080000000, 0x0000000085980000, 0x00000000d5580000)
  object space 91648K, 83% used [0x0000000080000000,0x0000000084afa8d0,0x0000000085980000)
 Metaspace       used 81361K, capacity 87780K, committed 87936K, reserved 1126400K
  class space    used 10322K, capacity 11354K, committed 11392K, reserved 1048576K
Event: 13566.779 GC heap after
Heap after GC invocations=69 (full 16):
 PSYoungGen      total 642048K, used 96K [0x00000000d5580000, 0x00000000ffe80000, 0x0000000100000000)
  eden space 586752K, 0% used [0x00000000d5580000,0x00000000d5580000,0x00000000f9280000)
  from space 55296K, 0% used [0x00000000f9280000,0x00000000f9298000,0x00000000fc880000)
  to   space 55296K, 0% used [0x00000000fc880000,0x00000000fc880000,0x00000000ffe80000)
 ParOldGen       total 91648K, used 77793K [0x0000000080000000, 0x0000000085980000, 0x00000000d5580000)
  object space 91648K, 84% used [0x0000000080000000,0x0000000084bf84c0,0x0000000085980000)
 Metaspace       used 81361K, capacity 87780K, committed 87936K, reserved 1126400K
  class space    used 10322K, capacity 11354K, committed 11392K, reserved 1048576K
}
Event: 13566.779 GC heap before
{Heap before GC invocations=70 (full 17):
 PSYoungGen      total 642048K, used 96K [0x00000000d5580000, 0x00000000ffe80000, 0x0000000100000000)
  eden space 586752K, 0% used [0x00000000d5580000,0x00000000d5580000,0x00000000f9280000)
  from space 55296K, 0% used [0x00000000f9280000,0x00000000f9298000,0x00000000fc880000)
  to   space 55296K, 0% used [0x00000000fc880000,0x00000000fc880000,0x00000000ffe80000)
 ParOldGen       total 91648K, used 77793K [0x0000000080000000, 0x0000000085980000, 0x00000000d5580000)
  object space 91648K, 84% used [0x0000000080000000,0x0000000084bf84c0,0x0000000085980000)
 Metaspace       used 81361K, capacity 87780K, committed 87936K, reserved 1126400K
  class space    used 10322K, capacity 11354K, committed 11392K, reserved 1048576K
Event: 13567.078 GC heap after
Heap after GC invocations=70 (full 17):
 PSYoungGen      total 642048K, used 0K [0x00000000d5580000, 0x00000000ffe80000, 0x0000000100000000)
  eden space 586752K, 0% used [0x00000000d5580000,0x00000000d5580000,0x00000000f9280000)
  from space 55296K, 0% used [0x00000000f9280000,0x00000000f9280000,0x00000000fc880000)
  to   space 55296K, 0% used [0x00000000fc880000,0x00000000fc880000,0x00000000ffe80000)
 ParOldGen       total 91648K, used 69339K [0x0000000080000000, 0x0000000085980000, 0x00000000d5580000)
  object space 91648K, 75% used [0x0000000080000000,0x00000000843b6d10,0x0000000085980000)
 Metaspace       used 81361K, capacity 87780K, committed 87936K, reserved 1126400K
  class space    used 10322K, capacity 11354K, committed 11392K, reserved 1048576K
}

